<?xml version="1.0" encoding="UTF-8"?>
<!-- Generated by org.testng.reporters.JUnitReportReporter -->
<testsuite skipped="0" hostname="LAPTOP-QFB7FCFV" name="TestCases.CreateOneProduct" tests="3" failures="0" timestamp="2023-03-02T09:35:38 CST" time="4.017" errors="0">
  <testcase name="createOneProduct" time="2.492" classname="TestCases.CreateOneProduct"/>
  <system-out/>
  <testcase name="readAllProducts" time="1.179" classname="TestCases.CreateOneProduct"/>
  <system-out/>
  <testcase name="readOneProducts" time="0.346" classname="TestCases.CreateOneProduct"/>
  <system-out/>
</testsuite> <!-- TestCases.CreateOneProduct -->
