<?xml version="1.0" encoding="UTF-8"?>
<!-- Generated by org.testng.reporters.JUnitReportReporter -->
<testsuite skipped="0" hostname="LAPTOP-QFB7FCFV" name="TestCases.ReadAllProducts" tests="1" failures="0" timestamp="2023-02-08T22:25:13 CST" time="1.962" errors="0">
  <testcase name="readAllProducts" time="1.962" classname="TestCases.ReadAllProducts"/>
  <system-out/>
</testsuite> <!-- TestCases.ReadAllProducts -->
