<?xml version="1.0" encoding="UTF-8"?>
<!-- Generated by org.testng.reporters.JUnitReportReporter -->
<testsuite skipped="0" hostname="LAPTOP-QFB7FCFV" name="TestCases.UpdateOneProduct" tests="5" failures="0" timestamp="2023-02-10T11:12:19 CST" time="5.002" errors="0">
  <testcase name="createOneProduct" time="2.283" classname="TestCases.UpdateOneProduct"/>
  <system-out/>
  <testcase name="readAllProducts" time="1.534" classname="TestCases.UpdateOneProduct"/>
  <system-out/>
  <testcase name="readOneProducts" time="0.455" classname="TestCases.UpdateOneProduct"/>
  <system-out/>
  <testcase name="updateOneProduct" time="0.353" classname="TestCases.UpdateOneProduct"/>
  <system-out/>
  <testcase name="readOneUpdatedProduct" time="0.377" classname="TestCases.UpdateOneProduct"/>
  <system-out/>
</testsuite> <!-- TestCases.UpdateOneProduct -->
