<?xml version="1.0" encoding="UTF-8"?>
<!-- Generated by org.testng.reporters.JUnitReportReporter -->
<testsuite skipped="0" hostname="LAPTOP-QFB7FCFV" name="TestCases.DeleteOneProductAdvance" tests="4" failures="0" timestamp="2023-03-02T09:31:55 CST" time="3.939" errors="0">
  <testcase name="createOneProduct" time="1.996" classname="TestCases.DeleteOneProductAdvance"/>
  <system-out/>
  <testcase name="readAllProducts" time="1.230" classname="TestCases.DeleteOneProductAdvance"/>
  <system-out/>
  <testcase name="deleteOneProduct" time="0.333" classname="TestCases.DeleteOneProductAdvance"/>
  <system-out/>
  <testcase name="readOneDeletedProduct" time="0.380" classname="TestCases.DeleteOneProductAdvance"/>
  <system-out/>
</testsuite> <!-- TestCases.DeleteOneProductAdvance -->
